单号：10029[____]结果：42:0[____]原始数据：4|5[____]原始描述：[后二直选_复式] -,-,-,4,5[____]代码：Result78[____]Codes：4|5[____]Position：
单号：10030[____]结果：42:0[____]原始数据：5|7[____]原始描述：[后二直选_复式] -,-,-,5,7[____]代码：Result78[____]Codes：5|7[____]Position：

没有可结算订单
没有可结算订单
没有可结算订单
没有可结算订单
没有可结算订单
没有可结算订单
没有可结算订单
没有可结算订单
没有可结算订单
没有可结算订单
没有可结算订单
没有可结算订单
没有可结算订单
没有可结算订单
没有可结算订单
没有可结算订单
没有可结算订单
没有可结算订单
没有可结算订单
没有可结算订单
没有可结算订单
没有可结算订单
没有可结算订单
没有可结算订单
没有可结算订单
没有可结算订单
没有可结算订单
没有可结算订单
没有可结算订单
没有可结算订单
没有可结算订单
没有可结算订单
没有可结算订单
没有可结算订单
没有可结算订单
没有可结算订单
没有可结算订单
没有可结算订单
没有可结算订单
没有可结算订单
没有可结算订单
没有可结算订单
没有可结算订单
没有可结算订单
没有可结算订单
没有可结算订单
没有可结算订单
单号：10031[____]结果：42:0[____]原始数据：1|0[____]原始描述：[后二直选_复式] -,-,-,1,0[____]代码：Result78[____]Codes：1|0[____]Position：

没有可结算订单
没有可结算订单
没有可结算订单
没有可结算订单
没有可结算订单
没有可结算订单
没有可结算订单
没有可结算订单
没有可结算订单
没有可结算订单
没有可结算订单
没有可结算订单
没有可结算订单
没有可结算订单
没有可结算订单
没有可结算订单
没有可结算订单
没有可结算订单
没有可结算订单
没有可结算订单
没有可结算订单
没有可结算订单
没有可结算订单
没有可结算订单
没有可结算订单
没有可结算订单
没有可结算订单
没有可结算订单
没有可结算订单
没有可结算订单
没有可结算订单
没有可结算订单
没有可结算订单
没有可结算订单
没有可结算订单
没有可结算订单
没有可结算订单
没有可结算订单
没有可结算订单
没有可结算订单
没有可结算订单
没有可结算订单
没有可结算订单
没有可结算订单
没有可结算订单
没有可结算订单
没有可结算订单
没有可结算订单
没有可结算订单
没有可结算订单
没有可结算订单
没有可结算订单
没有可结算订单
没有可结算订单
没有可结算订单
没有可结算订单
没有可结算订单
没有可结算订单
没有可结算订单
单号：10032[____]结果：42:0[____]原始数据：5&6&7&8&9|5&6&7&8&9[____]原始描述：[后二直选_复式] -,-,-,56789,56789[____]代码：Result78[____]Codes：5&6&7&8&9|5&6&7&8&9[____]Position：

没有可结算订单
没有可结算订单
没有可结算订单
没有可结算订单
没有可结算订单
没有可结算订单
没有可结算订单
没有可结算订单
没有可结算订单
没有可结算订单
没有可结算订单
没有可结算订单
没有可结算订单
没有可结算订单
没有可结算订单
没有可结算订单
没有可结算订单
没有可结算订单
没有可结算订单
没有可结算订单
没有可结算订单
没有可结算订单
没有可结算订单
没有可结算订单
没有可结算订单
没有可结算订单
没有可结算订单
没有可结算订单
没有可结算订单
单号：10033[____]结果：42:1[____]原始数据：0&1&2&3&4&5&6&7&8&9|0&1&2&3&4&5&6&7&8&9[____]原始描述：[后二直选_复式] -,-,-,0123456789,0123456789[____]代码：Result78[____]Codes：0&1&2&3&4&5&6&7&8&9|0&1&2&3&4&5&6&7&8&9[____]Position：

没有可结算订单
没有可结算订单
没有可结算订单
没有可结算订单
没有可结算订单
没有可结算订单
没有可结算订单
没有可结算订单
没有可结算订单
没有可结算订单
没有可结算订单
没有可结算订单
没有可结算订单
没有可结算订单
没有可结算订单
没有可结算订单
没有可结算订单
没有可结算订单
没有可结算订单
没有可结算订单
没有可结算订单
没有可结算订单
没有可结算订单
没有可结算订单
没有可结算订单
没有可结算订单
没有可结算订单
没有可结算订单
单号：10034[____]结果：42:0[____]原始数据：5&6&7&8&9|5&6&7&8&9[____]原始描述：[后二直选_复式] -,-,-,56789,56789[____]代码：Result78[____]Codes：5&6&7&8&9|5&6&7&8&9[____]Position：

没有可结算订单
没有可结算订单
没有可结算订单
没有可结算订单
没有可结算订单
没有可结算订单
没有可结算订单
没有可结算订单
没有可结算订单
没有可结算订单
没有可结算订单
没有可结算订单
没有可结算订单
没有可结算订单
没有可结算订单
没有可结算订单
没有可结算订单
没有可结算订单
没有可结算订单
没有可结算订单
没有可结算订单
没有可结算订单
没有可结算订单
没有可结算订单
没有可结算订单
没有可结算订单
没有可结算订单
没有可结算订单
没有可结算订单
单号：10035[____]结果：44:0[____]原始数据：5&6&7&8&9|5&6&7&8&9[____]原始描述：[前二直选_复式] 56789,56789,-,-,-[____]代码：Result86[____]Codes：5&6&7&8&9|5&6&7&8&9[____]Position：

没有可结算订单
没有可结算订单
没有可结算订单
没有可结算订单
没有可结算订单
没有可结算订单
没有可结算订单
没有可结算订单
没有可结算订单
没有可结算订单
没有可结算订单
没有可结算订单
没有可结算订单
没有可结算订单
没有可结算订单
没有可结算订单
没有可结算订单
没有可结算订单
没有可结算订单
没有可结算订单
没有可结算订单
没有可结算订单
没有可结算订单
没有可结算订单
没有可结算订单
没有可结算订单
没有可结算订单
没有可结算订单
没有可结算订单
单号：10036[____]结果：44:0[____]原始数据：5&6&7&8&9|0&1&2&3&4[____]原始描述：[前二直选_复式] 56789,01234,-,-,-[____]代码：Result86[____]Codes：5&6&7&8&9|0&1&2&3&4[____]Position：

没有可结算订单
没有可结算订单
没有可结算订单
没有可结算订单
没有可结算订单
没有可结算订单
没有可结算订单
没有可结算订单
没有可结算订单
没有可结算订单
没有可结算订单
没有可结算订单
没有可结算订单
没有可结算订单
没有可结算订单
没有可结算订单
没有可结算订单
没有可结算订单
没有可结算订单
没有可结算订单
没有可结算订单
没有可结算订单
没有可结算订单
没有可结算订单
没有可结算订单
没有可结算订单
没有可结算订单
没有可结算订单
没有可结算订单
单号：10037[____]结果：44:0[____]原始数据：5&6&7&8&9|5&6&7&8&9[____]原始描述：[前二直选_复式] 56789,56789,-,-,-[____]代码：Result86[____]Codes：5&6&7&8&9|5&6&7&8&9[____]Position：

没有可结算订单
没有可结算订单
没有可结算订单
没有可结算订单
没有可结算订单
没有可结算订单
没有可结算订单
没有可结算订单
没有可结算订单
没有可结算订单
没有可结算订单
没有可结算订单
没有可结算订单
没有可结算订单
没有可结算订单
没有可结算订单
没有可结算订单
没有可结算订单
没有可结算订单
没有可结算订单
没有可结算订单
没有可结算订单
没有可结算订单
没有可结算订单
没有可结算订单
没有可结算订单
没有可结算订单
没有可结算订单
没有可结算订单
单号：10038[____]结果：44:0[____]原始数据：5&6&7&8&9|0&1&2&3&4[____]原始描述：[前二直选_复式] 56789,01234,-,-,-[____]代码：Result86[____]Codes：5&6&7&8&9|0&1&2&3&4[____]Position：

没有可结算订单
没有可结算订单
没有可结算订单
没有可结算订单
没有可结算订单
没有可结算订单
没有可结算订单
没有可结算订单
没有可结算订单
没有可结算订单
没有可结算订单
没有可结算订单
没有可结算订单
没有可结算订单
没有可结算订单
没有可结算订单
没有可结算订单
没有可结算订单
没有可结算订单
没有可结算订单
没有可结算订单
没有可结算订单
没有可结算订单
没有可结算订单
没有可结算订单
没有可结算订单
没有可结算订单
没有可结算订单
没有可结算订单
单号：10039[____]结果：44:0[____]原始数据：0&1&2&3&4&5&6&7&8&9|5&6&7&8&9[____]原始描述：[前二直选_复式] 0123456789,56789,-,-,-[____]代码：Result86[____]Codes：0&1&2&3&4&5&6&7&8&9|5&6&7&8&9[____]Position：
单号：10040[____]结果：44:1[____]原始数据：0&1&2&3&4&5&6&7&8&9|0&1&2&3&4[____]原始描述：[前二直选_复式] 0123456789,01234,-,-,-[____]代码：Result86[____]Codes：0&1&2&3&4&5&6&7&8&9|0&1&2&3&4[____]Position：

没有可结算订单
没有可结算订单
没有可结算订单
没有可结算订单
没有可结算订单
没有可结算订单
没有可结算订单
没有可结算订单
没有可结算订单
没有可结算订单
没有可结算订单
没有可结算订单
没有可结算订单
没有可结算订单
没有可结算订单
没有可结算订单
没有可结算订单
没有可结算订单
没有可结算订单
没有可结算订单
没有可结算订单
没有可结算订单
没有可结算订单
没有可结算订单
没有可结算订单
没有可结算订单
没有可结算订单
没有可结算订单
单号：10041[____]结果：42:1[____]原始数据：0&1&2&3&4&5&6&7&8&9|5&6&7&8&9[____]原始描述：[后二_复式] -,-,-,0123456789,56789[____]代码：Result78[____]Codes：0&1&2&3&4&5&6&7&8&9|5&6&7&8&9[____]Position：

没有可结算订单
没有可结算订单
没有可结算订单
没有可结算订单
没有可结算订单
没有可结算订单
没有可结算订单
没有可结算订单
没有可结算订单
没有可结算订单
没有可结算订单
没有可结算订单
没有可结算订单
没有可结算订单
没有可结算订单
没有可结算订单
没有可结算订单
没有可结算订单
没有可结算订单
没有可结算订单
没有可结算订单
没有可结算订单
没有可结算订单
没有可结算订单
没有可结算订单
没有可结算订单
没有可结算订单
没有可结算订单
没有可结算订单
单号：10042[____]结果：42:0[____]原始数据：9|9[____]原始描述：[后二直选_复式] -,-,-,9,9[____]代码：Result78[____]Codes：9|9[____]Position：

没有可结算订单
没有可结算订单
没有可结算订单
没有可结算订单
没有可结算订单
没有可结算订单
没有可结算订单
没有可结算订单
没有可结算订单
没有可结算订单
没有可结算订单
没有可结算订单
没有可结算订单
没有可结算订单
没有可结算订单
没有可结算订单
没有可结算订单
没有可结算订单
没有可结算订单
没有可结算订单
没有可结算订单
没有可结算的期数
