如果应用程序没有控制台或控制台输入已通过文件进行了重定向，则无法读取键。请尝试使用 Console.Read。
如果应用程序没有控制台或控制台输入已通过文件进行了重定向，则无法读取键。请尝试使用 Console.Read。
SQLite error
no such table: CJLSoftGameResult
SQLite error
no such table: CJLSoftGameResult
SQLite error
no such table: CJLSoftGameResult
SQLite error
no such table: CJLSoftGameResult
如果应用程序没有控制台或控制台输入已通过文件进行了重定向，则无法读取键。请尝试使用 Console.Read。
The database file is locked
database is locked
The database file is locked
database is locked
SQLite error
no such table: CJLSoftGameResult
SQLite error
no such table: CJLSoftGameResult
SQLite error
no such table: CJLSoftGameResult
SQLite error
no such table: CJLSoftGameResult
SQLite error
no such table: CJLSoftGameResult
SQLite error
no such table: CJLSoftGameResult
