没有可结算订单
没有可结算订单
没有可结算订单
没有可结算订单
没有可结算订单
没有可结算订单
没有可结算订单
没有可结算订单
没有可结算订单
没有可结算订单
没有可结算订单
没有可结算订单
没有可结算订单
没有可结算订单
没有可结算订单
没有可结算订单
没有可结算订单
没有可结算订单
没有可结算订单
没有可结算订单
没有可结算订单
没有可结算订单
没有可结算订单
没有可结算订单
没有可结算订单
没有可结算订单
没有可结算订单
没有可结算订单
没有可结算订单
没有可结算订单
没有可结算订单
没有可结算订单
没有可结算订单
没有可结算订单
没有可结算订单
没有可结算订单
没有可结算订单
没有可结算订单
没有可结算订单
没有可结算订单
没有可结算订单
单号：10005[____]结果：1:0[____]原始数据：4|4|6|7|6[____]原始描述：[五星_复式] 4,4,6,7,6[____]代码：Result30[____]Codes：4|4|6|7|6[____]Position：

没有可结算订单
没有可结算订单
没有可结算订单
没有可结算订单
没有可结算订单
没有可结算订单
没有可结算订单
没有可结算订单
没有可结算订单
没有可结算订单
没有可结算订单
没有可结算订单
没有可结算订单
没有可结算订单
没有可结算订单
没有可结算订单
没有可结算订单
没有可结算订单
没有可结算订单
没有可结算订单
没有可结算订单
没有可结算订单
没有可结算订单
没有可结算订单
没有可结算订单
没有可结算订单
没有可结算订单
没有可结算订单
没有可结算订单
单号：10006[____]结果：1:0[____]原始数据：2|3|3|7|5[____]原始描述：[五星直选_复式] 2,3,3,7,5[____]代码：Result30[____]Codes：2|3|3|7|5[____]Position：

没有可结算订单
没有可结算订单
没有可结算订单
没有可结算订单
没有可结算订单
没有可结算订单
没有可结算订单
没有可结算订单
没有可结算订单
没有可结算订单
没有可结算订单
没有可结算订单
没有可结算订单
没有可结算订单
没有可结算订单
没有可结算订单
没有可结算订单
没有可结算订单
没有可结算订单
没有可结算订单
没有可结算订单
没有可结算订单
没有可结算订单
没有可结算订单
没有可结算订单
没有可结算订单
没有可结算订单
没有可结算订单
没有可结算订单
没有可结算订单
没有可结算订单
没有可结算订单
没有可结算订单
没有可结算订单
没有可结算订单
没有可结算订单
没有可结算订单
没有可结算订单
没有可结算订单
没有可结算订单
没有可结算订单
没有可结算订单
没有可结算订单
没有可结算订单
没有可结算订单
没有可结算订单
没有可结算订单
没有可结算订单
没有可结算订单
没有可结算订单
没有可结算订单
没有可结算订单
没有可结算订单
没有可结算订单
没有可结算订单
没有可结算订单
没有可结算订单
没有可结算订单
没有可结算订单
没有可结算订单
没有可结算订单
没有可结算订单
没有可结算订单
没有可结算订单
没有可结算订单
没有可结算订单
没有可结算订单
没有可结算订单
没有可结算订单
没有可结算订单
没有可结算订单
没有可结算订单
没有可结算订单
没有可结算订单
没有可结算订单
没有可结算订单
没有可结算订单
没有可结算订单
没有可结算订单
没有可结算订单
没有可结算订单
没有可结算订单
没有可结算订单
没有可结算订单
没有可结算订单
没有可结算订单
没有可结算订单
没有可结算订单
没有可结算订单
没有可结算订单
没有可结算订单
没有可结算订单
没有可结算订单
没有可结算订单
没有可结算订单
没有可结算订单
没有可结算订单
没有可结算订单
没有可结算订单
没有可结算订单
没有可结算订单
没有可结算订单
没有可结算订单
没有可结算订单
没有可结算订单
没有可结算订单
没有可结算订单
没有可结算订单
没有可结算订单
没有可结算订单
没有可结算订单
没有可结算订单
没有可结算订单
没有可结算订单
没有可结算订单
没有可结算订单
没有可结算订单
没有可结算订单
单号：10007[____]结果：42:0[____]原始数据：8|7[____]原始描述：[后二直选_复式] -,-,-,8,7[____]代码：Result78[____]Codes：8|7[____]Position：
单号：10008[____]结果：2:0|3:0|4:0|5:0|6:0[____]原始数据：6|7|2|0|2[____]原始描述：[五星直选_组合] 6,7,2,0,2[____]代码：Result32[____]Codes：6|7|2|0|2[____]Position：

没有可结算订单
没有可结算订单
没有可结算订单
没有可结算订单
没有可结算订单
没有可结算订单
没有可结算订单
没有可结算订单
没有可结算订单
没有可结算订单
没有可结算订单
没有可结算订单
没有可结算订单
没有可结算订单
没有可结算订单
没有可结算订单
没有可结算订单
没有可结算订单
没有可结算订单
没有可结算订单
没有可结算订单
没有可结算订单
没有可结算订单
没有可结算订单
没有可结算订单
没有可结算订单
没有可结算订单
没有可结算订单
没有可结算订单
没有可结算订单
没有可结算订单
没有可结算订单
没有可结算订单
没有可结算订单
没有可结算订单
没有可结算订单
没有可结算订单
没有可结算订单
没有可结算订单
没有可结算订单
没有可结算订单
没有可结算订单
没有可结算订单
没有可结算订单
没有可结算订单
没有可结算订单
没有可结算订单
没有可结算订单
没有可结算订单
没有可结算订单
没有可结算订单
没有可结算订单
没有可结算订单
没有可结算订单
没有可结算订单
没有可结算订单
没有可结算订单
没有可结算订单
没有可结算订单
没有可结算订单
没有可结算订单
没有可结算订单
没有可结算订单
没有可结算订单
没有可结算订单
没有可结算订单
没有可结算订单
没有可结算订单
没有可结算订单
没有可结算订单
没有可结算订单
没有可结算订单
没有可结算订单
没有可结算订单
没有可结算订单
没有可结算订单
没有可结算订单
没有可结算订单
没有可结算订单
没有可结算订单
没有可结算订单
没有可结算订单
没有可结算订单
没有可结算订单
没有可结算订单
没有可结算订单
没有可结算订单
没有可结算订单
没有可结算订单
没有可结算订单
没有可结算订单
没有可结算订单
没有可结算订单
没有可结算订单
没有可结算订单
没有可结算订单
没有可结算订单
没有可结算订单
没有可结算订单
没有可结算订单
没有可结算订单
没有可结算订单
没有可结算订单
没有可结算订单
没有可结算订单
没有可结算订单
没有可结算订单
没有可结算订单
没有可结算订单
没有可结算订单
没有可结算订单
没有可结算订单
没有可结算订单
没有可结算订单
没有可结算订单
没有可结算订单
没有可结算订单
没有可结算订单
没有可结算订单
没有可结算订单
没有可结算订单
没有可结算订单
没有可结算订单
没有可结算订单
没有可结算订单
没有可结算订单
没有可结算订单
没有可结算订单
没有可结算订单
没有可结算订单
没有可结算订单
没有可结算订单
没有可结算订单
没有可结算订单
没有可结算订单
没有可结算订单
没有可结算订单
没有可结算订单
没有可结算订单
没有可结算订单
没有可结算订单
没有可结算订单
没有可结算订单
没有可结算订单
没有可结算订单
没有可结算订单
没有可结算订单
没有可结算订单
单号：10009[____]结果：44:0[____]原始数据：4|5[____]原始描述：[前二_复式] 4,5,-,-,-[____]代码：Result86[____]Codes：4|5[____]Position：
单号：10010[____]结果：44:0[____]原始数据：0|2[____]原始描述：[前二直选_复式] 0,2,-,-,-[____]代码：Result86[____]Codes：0|2[____]Position：
单号：10011[____]结果：44:0[____]原始数据：5|6[____]原始描述：[前二直选_复式] 5,6,-,-,-[____]代码：Result86[____]Codes：5|6[____]Position：

没有可结算订单
没有可结算订单
没有可结算订单
没有可结算订单
没有可结算订单
没有可结算订单
没有可结算订单
没有可结算订单
没有可结算订单
没有可结算订单
没有可结算订单
没有可结算订单
没有可结算订单
没有可结算订单
没有可结算订单
没有可结算订单
没有可结算订单
没有可结算订单
没有可结算订单
没有可结算订单
没有可结算订单
没有可结算订单
没有可结算订单
没有可结算订单
没有可结算订单
没有可结算订单
没有可结算订单
没有可结算订单
没有可结算订单
单号：10012[____]结果：44:0[____]原始数据：5&6|3&6[____]原始描述：[前二直选_复式] 56,36,-,-,-[____]代码：Result86[____]Codes：5&6|3&6[____]Position：
单号：10013[____]结果：44:0[____]原始数据：0&1&2&3&4&5&6|0&1&2&3&4&5&6[____]原始描述：[前二直选_复式] 0123456,0123456,-,-,-[____]代码：Result86[____]Codes：0&1&2&3&4&5&6|0&1&2&3&4&5&6[____]Position：

没有可结算订单
没有可结算订单
没有可结算订单
没有可结算订单
没有可结算订单
没有可结算订单
没有可结算订单
没有可结算订单
没有可结算订单
没有可结算订单
没有可结算订单
没有可结算订单
没有可结算订单
没有可结算订单
没有可结算订单
没有可结算订单
没有可结算订单
没有可结算订单
没有可结算订单
没有可结算订单
没有可结算订单
没有可结算订单
没有可结算订单
没有可结算订单
没有可结算订单
没有可结算订单
没有可结算订单
没有可结算订单
没有可结算订单
单号：10014[____]结果：42:0[____]原始数据：0&2&3&4&6&8|1&3&5&7&9[____]原始描述：[后二_复式] -,-,-,023468,13579[____]代码：Result78[____]Codes：0&2&3&4&6&8|1&3&5&7&9[____]Position：

没有可结算订单
没有可结算订单
没有可结算订单
没有可结算订单
没有可结算订单
没有可结算订单
没有可结算订单
没有可结算订单
没有可结算订单
没有可结算订单
没有可结算订单
没有可结算订单
没有可结算订单
没有可结算订单
没有可结算订单
没有可结算订单
没有可结算订单
没有可结算订单
没有可结算订单
没有可结算订单
没有可结算订单
没有可结算订单
没有可结算订单
没有可结算订单
没有可结算订单
没有可结算订单
没有可结算订单
没有可结算订单
没有可结算订单
单号：10015[____]结果：42:1[____]原始数据：1&2&3&5&6|1&2&3&5&6[____]原始描述：[后二直选_复式] -,-,-,12356,12356[____]代码：Result78[____]Codes：1&2&3&5&6|1&2&3&5&6[____]Position：

没有可结算订单
没有可结算订单
没有可结算订单
没有可结算订单
没有可结算订单
没有可结算订单
没有可结算订单
没有可结算订单
没有可结算订单
没有可结算订单
没有可结算订单
没有可结算订单
没有可结算订单
没有可结算订单
没有可结算订单
没有可结算订单
没有可结算订单
没有可结算订单
没有可结算订单
没有可结算订单
没有可结算订单
没有可结算订单
没有可结算订单
没有可结算订单
没有可结算订单
没有可结算订单
没有可结算订单
没有可结算订单
单号：10016[____]结果：44:0[____]原始数据：0&2&3&6&8|0&2&3&6&8[____]原始描述：[前二直选_复式] 02368,02368,-,-,-[____]代码：Result86[____]Codes：0&2&3&6&8|0&2&3&6&8[____]Position：

没有可结算订单
没有可结算订单
没有可结算订单
没有可结算订单
没有可结算订单
没有可结算订单
没有可结算订单
没有可结算订单
没有可结算订单
没有可结算订单
没有可结算订单
没有可结算订单
没有可结算订单
没有可结算订单
没有可结算订单
没有可结算订单
没有可结算订单
没有可结算订单
没有可结算订单
没有可结算订单
没有可结算订单
没有可结算订单
没有可结算订单
没有可结算订单
没有可结算订单
没有可结算订单
没有可结算订单
没有可结算订单
没有可结算订单
单号：10017[____]结果：44:0[____]原始数据：0&1&2&3&5&9|0&1&2&3&5&9[____]原始描述：[前二直选_复式] 012359,012359,-,-,-[____]代码：Result86[____]Codes：0&1&2&3&5&9|0&1&2&3&5&9[____]Position：

没有可结算订单
没有可结算订单
没有可结算订单
没有可结算订单
没有可结算订单
没有可结算订单
没有可结算订单
没有可结算订单
没有可结算订单
没有可结算订单
没有可结算订单
没有可结算订单
没有可结算订单
没有可结算订单
没有可结算订单
没有可结算订单
没有可结算订单
没有可结算订单
没有可结算订单
没有可结算订单
没有可结算订单
没有可结算订单
没有可结算订单
没有可结算订单
没有可结算订单
没有可结算订单
没有可结算订单
没有可结算订单
没有可结算订单
单号：10018[____]结果：44:0[____]原始数据：0&2&4&7&8&9|0&2&4&7&8&9[____]原始描述：[前二直选_复式] 024789,024789,-,-,-[____]代码：Result86[____]Codes：0&2&4&7&8&9|0&2&4&7&8&9[____]Position：
单号：10019[____]结果：44:0[____]原始数据：1&3&5&6|2&4&5&7[____]原始描述：[前二直选_复式] 1356,2457,-,-,-[____]代码：Result86[____]Codes：1&3&5&6|2&4&5&7[____]Position：
单号：10020[____]结果：44:0[____]原始数据：1&4&7&9|0&1&3&6&7&9[____]原始描述：[前二直选_复式] 1479,013679,-,-,-[____]代码：Result86[____]Codes：1&4&7&9|0&1&3&6&7&9[____]Position：

没有可结算订单
没有可结算订单
没有可结算订单
没有可结算订单
没有可结算订单
没有可结算订单
没有可结算订单
没有可结算订单
没有可结算订单
没有可结算订单
没有可结算订单
没有可结算订单
没有可结算订单
没有可结算订单
没有可结算订单
没有可结算订单
没有可结算订单
没有可结算订单
没有可结算订单
没有可结算订单
没有可结算订单
没有可结算订单
没有可结算订单
没有可结算订单
没有可结算订单
没有可结算订单
没有可结算订单
没有可结算订单
没有可结算订单
单号：10021[____]结果：44:0[____]原始数据：1&3&5&7|1&3&5&7[____]原始描述：[前二直选_复式] 1357,1357,-,-,-[____]代码：Result86[____]Codes：1&3&5&7|1&3&5&7[____]Position：

没有可结算订单
没有可结算订单
没有可结算订单
没有可结算订单
没有可结算订单
没有可结算订单
没有可结算订单
没有可结算订单
没有可结算订单
没有可结算订单
没有可结算订单
没有可结算订单
没有可结算订单
没有可结算订单
没有可结算订单
没有可结算订单
没有可结算订单
没有可结算订单
没有可结算订单
没有可结算订单
没有可结算订单
没有可结算订单
没有可结算订单
没有可结算订单
没有可结算订单
没有可结算订单
没有可结算订单
没有可结算订单
没有可结算订单
没有可结算订单
没有可结算订单
没有可结算订单
没有可结算订单
没有可结算订单
没有可结算订单
没有可结算订单
没有可结算订单
没有可结算订单
没有可结算订单
没有可结算订单
没有可结算订单
没有可结算订单
没有可结算订单
没有可结算订单
没有可结算订单
没有可结算订单
没有可结算订单
没有可结算订单
没有可结算订单
没有可结算订单
没有可结算订单
没有可结算订单
没有可结算订单
没有可结算订单
没有可结算订单
没有可结算订单
没有可结算订单
没有可结算订单
没有可结算订单
没有可结算订单
没有可结算订单
没有可结算订单
没有可结算订单
没有可结算订单
没有可结算订单
没有可结算订单
没有可结算订单
没有可结算订单
没有可结算订单
没有可结算订单
没有可结算订单
没有可结算订单
没有可结算订单
没有可结算订单
没有可结算订单
没有可结算订单
没有可结算订单
没有可结算订单
没有可结算订单
没有可结算订单
没有可结算订单
没有可结算订单
没有可结算订单
没有可结算订单
没有可结算订单
没有可结算订单
没有可结算订单
没有可结算订单
没有可结算订单
没有可结算订单
没有可结算订单
没有可结算订单
没有可结算订单
没有可结算订单
没有可结算订单
没有可结算订单
没有可结算订单
没有可结算订单
没有可结算订单
没有可结算订单
没有可结算订单
没有可结算订单
没有可结算订单
没有可结算订单
没有可结算订单
没有可结算订单
没有可结算订单
没有可结算订单
没有可结算订单
没有可结算订单
没有可结算订单
没有可结算订单
没有可结算订单
没有可结算订单
没有可结算订单
没有可结算订单
没有可结算订单
没有可结算订单
没有可结算订单
没有可结算订单
没有可结算订单
没有可结算订单
没有可结算订单
没有可结算订单
没有可结算订单
没有可结算订单
没有可结算订单
没有可结算订单
没有可结算订单
没有可结算订单
没有可结算订单
没有可结算订单
没有可结算订单
没有可结算订单
没有可结算订单
没有可结算订单
没有可结算订单
没有可结算订单
没有可结算订单
没有可结算订单
没有可结算订单
没有可结算订单
没有可结算订单
没有可结算订单
没有可结算订单
没有可结算订单
没有可结算订单
没有可结算订单
没有可结算订单
没有可结算订单
没有可结算订单
没有可结算订单
没有可结算订单
没有可结算订单
没有可结算订单
没有可结算订单
没有可结算订单
没有可结算订单
没有可结算订单
没有可结算订单
没有可结算订单
没有可结算订单
没有可结算订单
没有可结算订单
没有可结算订单
没有可结算订单
没有可结算订单
没有可结算订单
没有可结算订单
没有可结算订单
没有可结算订单
没有可结算订单
没有可结算订单
没有可结算订单
没有可结算订单
没有可结算订单
没有可结算订单
没有可结算订单
没有可结算订单
没有可结算订单
没有可结算订单
没有可结算订单
没有可结算订单
没有可结算订单
没有可结算订单
没有可结算订单
没有可结算订单
没有可结算订单
没有可结算订单
没有可结算订单
没有可结算订单
没有可结算订单
没有可结算订单
没有可结算订单
没有可结算订单
没有可结算订单
没有可结算订单
没有可结算订单
没有可结算订单
没有可结算订单
没有可结算订单
没有可结算订单
没有可结算订单
没有可结算订单
没有可结算订单
没有可结算订单
没有可结算订单
没有可结算订单
没有可结算订单
没有可结算订单
没有可结算订单
没有可结算订单
没有可结算订单
没有可结算订单
没有可结算订单
没有可结算订单
没有可结算订单
没有可结算订单
没有可结算订单
没有可结算订单
没有可结算订单
没有可结算订单
没有可结算订单
没有可结算订单
没有可结算订单
没有可结算订单
没有可结算订单
没有可结算订单
没有可结算订单
没有可结算订单
没有可结算订单
没有可结算订单
没有可结算订单
没有可结算订单
没有可结算订单
没有可结算订单
没有可结算订单
没有可结算订单
没有可结算订单
没有可结算订单
没有可结算订单
没有可结算订单
没有可结算订单
没有可结算订单
没有可结算的期数
没有可结算的期数
没有可结算的期数
没有可结算的期数
没有可结算的期数
没有可结算的期数
没有可结算的期数
没有可结算的期数
没有可结算的期数
没有可结算的期数
没有可结算的期数
没有可结算的期数
没有可结算的期数
没有可结算的期数
没有可结算的期数
没有可结算的期数
没有可结算的期数
没有可结算的期数
没有可结算的期数
没有可结算的期数
没有可结算的期数
没有可结算的期数
没有可结算的期数
单号：10022[____]结果：44:0[____]原始数据：0&1&2&6&7&8&9|2&3&4&5&6[____]原始描述：[前二_复式] 0126789,23456,-,-,-[____]代码：Result86[____]Codes：0&1&2&6&7&8&9|2&3&4&5&6[____]Position：
单号：10023[____]结果：42:0[____]原始数据：0&1&2&3&4&5&6&7&8&9|1&3&4&6&8[____]原始描述：[后二_复式] -,-,-,0123456789,13468[____]代码：Result78[____]Codes：0&1&2&3&4&5&6&7&8&9|1&3&4&6&8[____]Position：
单号：10024[____]结果：44:1[____]原始数据：1&2&5&6&7|2&4&6&8[____]原始描述：[前二直选_复式] 12567,2468,-,-,-[____]代码：Result86[____]Codes：1&2&5&6&7|2&4&6&8[____]Position：

没有可结算的期数
没有可结算的期数
没有可结算的期数
没有可结算的期数
没有可结算的期数
没有可结算的期数
没有可结算的期数
没有可结算的期数
没有可结算的期数
没有可结算的期数
没有可结算的期数
没有可结算的期数
没有可结算的期数
没有可结算的期数
没有可结算的期数
没有可结算的期数
没有可结算的期数
没有可结算的期数
没有可结算的期数
没有可结算的期数
没有可结算的期数
没有可结算的期数
没有可结算的期数
没有可结算的期数
没有可结算的期数
没有可结算的期数
没有可结算的期数
没有可结算的期数
没有可结算的期数
没有可结算订单
没有可结算的期数
没有可结算的期数
没有可结算的期数
没有可结算的期数
没有可结算的期数
没有可结算的期数
没有可结算的期数
没有可结算的期数
没有可结算的期数
没有可结算的期数
没有可结算的期数
没有可结算的期数
没有可结算的期数
没有可结算的期数
没有可结算的期数
没有可结算的期数
没有可结算的期数
没有可结算的期数
没有可结算的期数
没有可结算的期数
没有可结算的期数
没有可结算的期数
没有可结算的期数
没有可结算的期数
没有可结算的期数
没有可结算的期数
没有可结算的期数
没有可结算的期数
没有可结算的期数
没有可结算订单
没有可结算的期数
没有可结算的期数
没有可结算的期数
没有可结算的期数
没有可结算的期数
没有可结算的期数
没有可结算的期数
没有可结算的期数
没有可结算的期数
没有可结算的期数
没有可结算的期数
没有可结算的期数
没有可结算的期数
没有可结算的期数
没有可结算的期数
没有可结算的期数
没有可结算的期数
没有可结算的期数
没有可结算的期数
没有可结算的期数
没有可结算的期数
没有可结算的期数
没有可结算的期数
没有可结算的期数
没有可结算的期数
没有可结算的期数
没有可结算的期数
没有可结算的期数
没有可结算的期数
没有可结算订单
没有可结算的期数
没有可结算的期数
没有可结算的期数
没有可结算的期数
没有可结算的期数
没有可结算的期数
没有可结算的期数
没有可结算的期数
没有可结算的期数
没有可结算的期数
没有可结算的期数
没有可结算的期数
没有可结算的期数
没有可结算的期数
没有可结算的期数
没有可结算的期数
没有可结算的期数
没有可结算的期数
没有可结算的期数
没有可结算的期数
没有可结算的期数
没有可结算的期数
没有可结算的期数
没有可结算的期数
没有可结算的期数
没有可结算的期数
没有可结算的期数
没有可结算的期数
没有可结算订单
没有可结算的期数
没有可结算的期数
没有可结算的期数
没有可结算的期数
没有可结算的期数
没有可结算的期数
没有可结算的期数
没有可结算的期数
没有可结算的期数
没有可结算的期数
没有可结算的期数
没有可结算的期数
没有可结算的期数
没有可结算的期数
没有可结算的期数
没有可结算的期数
没有可结算的期数
没有可结算的期数
没有可结算的期数
没有可结算的期数
没有可结算的期数
没有可结算的期数
没有可结算的期数
没有可结算的期数
没有可结算的期数
没有可结算的期数
没有可结算的期数
没有可结算的期数
没有可结算的期数
没有可结算订单
没有可结算的期数
没有可结算的期数
没有可结算的期数
没有可结算的期数
没有可结算的期数
没有可结算的期数
没有可结算的期数
没有可结算的期数
没有可结算的期数
没有可结算的期数
没有可结算的期数
没有可结算的期数
没有可结算的期数
没有可结算的期数
没有可结算的期数
没有可结算的期数
没有可结算的期数
没有可结算的期数
没有可结算的期数
没有可结算的期数
没有可结算的期数
没有可结算的期数
没有可结算的期数
没有可结算的期数
没有可结算的期数
没有可结算的期数
没有可结算的期数
没有可结算的期数
没有可结算的期数
